
Collecting usage statistics. To deactivate, set browser.gatherUsageStats to false.


  You can now view your Streamlit app in your browser.

  URL: http://0.0.0.0:8503

2025-06-29 10:13:33.682 Uncaught app execution
Traceback (most recent call last):
  File "/home/yuki/.local/lib/python3.10/site-packages/streamlit/runtime/scriptrunner/exec_code.py", line 128, in exec_func_with_error_handling
    result = func()
  File "/home/yuki/.local/lib/python3.10/site-packages/streamlit/runtime/scriptrunner/script_runner.py", line 669, in code_to_exec
    exec(code, module.__dict__)  # noqa: S102
  File "/mnt/c/Users/anpan/OneDrive/デスクトップ/WorkSpace/RAGSystem/rag_system/app/main.py", line 10, in <module>
    from app.config import Config
ModuleNotFoundError: No module named 'app'
2025-06-29 10:13:40.634 Uncaught app execution
Traceback (most recent call last):
  File "/home/yuki/.local/lib/python3.10/site-packages/streamlit/runtime/scriptrunner/exec_code.py", line 128, in exec_func_with_error_handling
    result = func()
  File "/home/yuki/.local/lib/python3.10/site-packages/streamlit/runtime/scriptrunner/script_runner.py", line 669, in code_to_exec
    exec(code, module.__dict__)  # noqa: S102
  File "/mnt/c/Users/anpan/OneDrive/デスクトップ/WorkSpace/RAGSystem/rag_system/app/main.py", line 10, in <module>
    from app.config import Config
ModuleNotFoundError: No module named 'app'
  Stopping...
