
  You can now view your Streamlit app in your browser.

  URL: http://0.0.0.0:8505

INFO:models.simple_vector_db:Loaded 866 documents from cache
INFO:models.simple_vector_db:Simple vector database initialized at: ../data/vector_store
INFO:models.simple_vector_db:Found 3 relevant documents for query: NUCLEO-F767ZI 仕様 特性 概要...
INFO:models.simple_vector_db:Loaded 866 documents from cache
INFO:models.simple_vector_db:Simple vector database initialized at: ../data/vector_store
INFO:models.simple_vector_db:Found 5 relevant documents for query: LEDを点滅させる方法を教えて...
INFO:models.simple_vector_db:Found 3 relevant documents for query: NUCLEO-F767ZI 仕様 特性 概要...
INFO:models.simple_vector_db:Loaded 866 documents from cache
INFO:models.simple_vector_db:Simple vector database initialized at: ../data/vector_store
INFO:models.simple_vector_db:Found 5 relevant documents for query: CubeMXの使い方を教えて...
INFO:models.simple_vector_db:Found 3 relevant documents for query: NUCLEO-F767ZI 仕様 特性 概要...
INFO:models.simple_vector_db:Loaded 866 documents from cache
INFO:models.simple_vector_db:Simple vector database initialized at: ../data/vector_store
INFO:models.simple_vector_db:Found 3 relevant documents for query: NUCLEO-F767ZI 仕様 特性 概要...
INFO:models.simple_vector_db:Loaded 866 documents from cache
INFO:models.simple_vector_db:Simple vector database initialized at: ../data/vector_store
INFO:models.simple_vector_db:Found 0 relevant documents for query: CubeMX...
INFO:models.simple_vector_db:Found 3 relevant documents for query: NUCLEO-F767ZI 仕様 特性 概要...
INFO:models.simple_vector_db:Loaded 866 documents from cache
INFO:models.simple_vector_db:Simple vector database initialized at: ../data/vector_store
INFO:models.simple_vector_db:Found 3 relevant documents for query: NUCLEO-F767ZI 仕様 特性 概要...
INFO:models.simple_vector_db:Loaded 866 documents from cache
INFO:models.simple_vector_db:Simple vector database initialized at: ../data/vector_store
INFO:models.simple_vector_db:Found 0 relevant documents for query: CubeIDE...
INFO:models.simple_vector_db:Found 3 relevant documents for query: NUCLEO-F767ZI 仕様 特性 概要...
INFO:models.simple_vector_db:Loaded 866 documents from cache
INFO:models.simple_vector_db:Simple vector database initialized at: ../data/vector_store
INFO:models.simple_vector_db:Found 3 relevant documents for query: NUCLEO-F767ZI 仕様 特性 概要...
INFO:models.simple_vector_db:Loaded 866 documents from cache
INFO:models.simple_vector_db:Simple vector database initialized at: ../data/vector_store
INFO:models.simple_vector_db:Found 3 relevant documents for query: NUCLEO-F767ZI 仕様 特性 概要...
INFO:models.simple_vector_db:Loaded 866 documents from cache
INFO:models.simple_vector_db:Simple vector database initialized at: ../data/vector_store
INFO:models.simple_vector_db:Found 3 relevant documents for query: NUCLEO-F767ZI 仕様 特性 概要...
INFO:models.simple_vector_db:Loaded 866 documents from cache
INFO:models.simple_vector_db:Simple vector database initialized at: ../data/vector_store
INFO:models.simple_vector_db:Found 0 relevant documents for query: CubeIDE...
INFO:models.simple_vector_db:Found 3 relevant documents for query: NUCLEO-F767ZI 仕様 特性 概要...
INFO:models.simple_vector_db:Loaded 866 documents from cache
INFO:models.simple_vector_db:Simple vector database initialized at: ../data/vector_store
INFO:models.simple_vector_db:Found 5 relevant documents for query: Cubeの使い方を教えて...
INFO:models.simple_vector_db:Found 3 relevant documents for query: NUCLEO-F767ZI 仕様 特性 概要...
INFO:models.simple_vector_db:Loaded 1494 documents from cache
INFO:models.simple_vector_db:Simple vector database initialized at: ../data/vector_store
INFO:models.simple_vector_db:Found 3 relevant documents for query: NUCLEO-F767ZI 仕様 特性 概要...
INFO:models.simple_vector_db:Loaded 1494 documents from cache
INFO:models.simple_vector_db:Simple vector database initialized at: ../data/vector_store
INFO:models.simple_vector_db:Found 5 relevant documents for query: CubeMXの使用方法...
INFO:models.simple_vector_db:Found 3 relevant documents for query: NUCLEO-F767ZI 仕様 特性 概要...
INFO:models.simple_vector_db:Loaded 1494 documents from cache
INFO:models.simple_vector_db:Simple vector database initialized at: ../data/vector_store
INFO:models.simple_vector_db:Found 5 relevant documents for query: PWMの出し方...
INFO:models.simple_vector_db:Found 3 relevant documents for query: NUCLEO-F767ZI 仕様 特性 概要...
INFO:models.simple_vector_db:Loaded 1494 documents from cache
INFO:models.simple_vector_db:Simple vector database initialized at: ../data/vector_store
INFO:models.simple_vector_db:Loaded 1494 documents from cache
INFO:models.simple_vector_db:Simple vector database initialized at: ../data/vector_store
INFO:models.simple_vector_db:Found 3 relevant documents for query: PWMでLEDを点滅させる方法を教えて サンプルコード プログラム 実装...
INFO:models.simple_vector_db:Found 3 relevant documents for query: NUCLEO-F767ZI 仕様 特性 概要...
INFO:models.simple_vector_db:Loaded 1494 documents from cache
INFO:models.simple_vector_db:Simple vector database initialized at: ../data/vector_store
INFO:models.simple_vector_db:Found 3 relevant documents for query: PWMでLEDを点滅させる方法を教えて サンプルコード プログラム 実装...
INFO:models.simple_vector_db:Found 3 relevant documents for query: NUCLEO-F767ZI 仕様 特性 概要...
INFO:models.simple_vector_db:Loaded 1494 documents from cache
INFO:models.simple_vector_db:Simple vector database initialized at: ../data/vector_store
INFO:models.simple_vector_db:Loaded 1494 documents from cache
INFO:models.simple_vector_db:Simple vector database initialized at: ../data/vector_store
INFO:models.simple_vector_db:Found 3 relevant documents for query: モーターの制御プログラム サンプルコード プログラム 実装...
INFO:models.simple_vector_db:Found 3 relevant documents for query: NUCLEO-F767ZI 仕様 特性 概要...
INFO:models.simple_vector_db:Loaded 1494 documents from cache
INFO:models.simple_vector_db:Simple vector database initialized at: ../data/vector_store
INFO:models.simple_vector_db:Loaded 1494 documents from cache
INFO:models.simple_vector_db:Simple vector database initialized at: ../data/vector_store
INFO:models.simple_vector_db:Found 3 relevant documents for query: 1秒ごとモーターの正転逆転をするプログラム サンプルコード プログラム 実装...
INFO:models.simple_vector_db:Found 3 relevant documents for query: NUCLEO-F767ZI 仕様 特性 概要...
INFO:models.simple_vector_db:Loaded 1494 documents from cache
INFO:models.simple_vector_db:Simple vector database initialized at: ../data/vector_store
INFO:models.simple_vector_db:Found 3 relevant documents for query: 1秒ごとモーターの正転逆転をするプログラム サンプルコード プログラム 実装...
INFO:models.simple_vector_db:Found 3 relevant documents for query: NUCLEO-F767ZI 仕様 特性 概要...
INFO:models.simple_vector_db:Loaded 1494 documents from cache
INFO:models.simple_vector_db:Simple vector database initialized at: ../data/vector_store
INFO:models.simple_vector_db:Found 3 relevant documents for query: NUCLEO-F767ZI 仕様 特性 概要...
INFO:models.simple_vector_db:Loaded 1494 documents from cache
INFO:models.simple_vector_db:Simple vector database initialized at: ../data/vector_store
INFO:models.simple_vector_db:Found 3 relevant documents for query: 1秒ごとモーターの正転逆転をするプログラムを作成してください サンプルコード プログラム 実装...
INFO:models.simple_vector_db:Found 3 relevant documents for query: NUCLEO-F767ZI 仕様 特性 概要...
INFO:models.simple_vector_db:Loaded 1494 documents from cache
INFO:models.simple_vector_db:Simple vector database initialized at: ../data/vector_store
INFO:models.simple_vector_db:Found 3 relevant documents for query: NUCLEO-F767ZI 仕様 特性 概要...
INFO:models.simple_vector_db:Loaded 1494 documents from cache
INFO:models.simple_vector_db:Simple vector database initialized at: ../data/vector_store
INFO:models.simple_vector_db:Found 3 relevant documents for query: NUCLEO-F767ZI 仕様 特性 概要...
INFO:models.simple_vector_db:Loaded 1494 documents from cache
INFO:models.simple_vector_db:Simple vector database initialized at: ../data/vector_store
INFO:models.simple_vector_db:Found 3 relevant documents for query: NUCLEO-F767ZI 仕様 特性 概要...
INFO:models.simple_vector_db:Loaded 1494 documents from cache
INFO:models.simple_vector_db:Simple vector database initialized at: ../data/vector_store
INFO:models.simple_vector_db:Found 3 relevant documents for query: NUCLEO-F767ZI 仕様 特性 概要...
INFO:models.simple_vector_db:Loaded 1494 documents from cache
INFO:models.simple_vector_db:Simple vector database initialized at: ../data/vector_store
INFO:models.simple_vector_db:Found 3 relevant documents for query: NUCLEO-F767ZI 仕様 特性 概要...
INFO:models.simple_vector_db:Loaded 1494 documents from cache
INFO:models.simple_vector_db:Simple vector database initialized at: ../data/vector_store
INFO:models.simple_vector_db:Found 3 relevant documents for query: NUCLEO-F767ZI 仕様 特性 概要...
INFO:models.simple_vector_db:Loaded 1494 documents from cache
INFO:models.simple_vector_db:Simple vector database initialized at: ../data/vector_store
INFO:models.simple_vector_db:Found 3 relevant documents for query: PWMでのモーター制御 サンプルコード プログラム 実装...
INFO:models.simple_vector_db:Found 3 relevant documents for query: NUCLEO-F767ZI 仕様 特性 概要...
INFO:models.simple_vector_db:Loaded 1494 documents from cache
INFO:models.simple_vector_db:Simple vector database initialized at: ../data/vector_store
INFO:models.simple_vector_db:Found 3 relevant documents for query: NUCLEO-F767ZI 仕様 特性 概要...
INFO:models.simple_vector_db:Loaded 1494 documents from cache
INFO:models.simple_vector_db:Simple vector database initialized at: ../data/vector_store
INFO:models.simple_vector_db:Found 4 relevant documents for query: CubeMX...
INFO:models.simple_vector_db:Found 3 relevant documents for query: NUCLEO-F767ZI 仕様 特性 概要...
INFO:models.simple_vector_db:Loaded 1494 documents from cache
INFO:models.simple_vector_db:Simple vector database initialized at: ../data/vector_store
INFO:models.simple_vector_db:Found 5 relevant documents for query: 電気回路について...
INFO:models.simple_vector_db:Found 3 relevant documents for query: NUCLEO-F767ZI 仕様 特性 概要...
INFO:models.simple_vector_db:Loaded 1494 documents from cache
INFO:models.simple_vector_db:Simple vector database initialized at: ../data/vector_store
INFO:models.simple_vector_db:Found 5 relevant documents for query: 効率的な電源制御について...
INFO:models.simple_vector_db:Found 3 relevant documents for query: NUCLEO-F767ZI 仕様 特性 概要...
INFO:models.simple_vector_db:Loaded 1494 documents from cache
INFO:models.simple_vector_db:Simple vector database initialized at: ../data/vector_store
INFO:models.simple_vector_db:Found 5 relevant documents for query: 低電力モードのやり方...
INFO:models.simple_vector_db:Found 3 relevant documents for query: NUCLEO-F767ZI 仕様 特性 概要...
INFO:models.simple_vector_db:Loaded 1494 documents from cache
INFO:models.simple_vector_db:Simple vector database initialized at: ../data/vector_store
INFO:models.simple_vector_db:Found 3 relevant documents for query: NUCLEO-F767ZI 仕様 特性 概要...
INFO:models.simple_vector_db:Loaded 1494 documents from cache
INFO:models.simple_vector_db:Simple vector database initialized at: ../data/vector_store
INFO:models.simple_vector_db:Found 3 relevant documents for query: NUCLEO-F767ZI 仕様 特性 概要...
INFO:models.simple_vector_db:Loaded 1494 documents from cache
INFO:models.simple_vector_db:Simple vector database initialized at: ../data/vector_store
INFO:models.simple_vector_db:Found 5 relevant documents for query: 回路設計のアドバイス...
INFO:models.simple_vector_db:Found 3 relevant documents for query: NUCLEO-F767ZI 仕様 特性 概要...
  Stopping...
